<?xml version="1.0" encoding="UTF-8"?>
<!-- Generated by org.testng.reporters.JUnitXMLReporter -->
<testsuite hostname="X03163" ignored="0" name="Lesnstore Automation" tests="2" failures="0" timestamp="20 Feb 2020 06:22:58 GMT" time="39.34" errors="0">
  <testcase name="runScenario" time="17.4" classname="io.cucumber.testng.AbstractTestNGCucumberTests"/>
  <testcase name="runScenario" time="21.431" classname="io.cucumber.testng.AbstractTestNGCucumberTests"/>
</testsuite> <!-- Lesnstore Automation -->
