<?xml version="1.0" encoding="UTF-8"?>
<testng-results skipped="0" failed="0" ignored="0" total="2" passed="2">
  <reporter-output>
  </reporter-output>
  <suite name="Suite" duration-ms="39340" started-at="2020-02-20T06:22:18Z" finished-at="2020-02-20T06:22:58Z">
    <groups>
      <group name="cucumber">
        <method signature="AbstractTestNGCucumberTests.runScenario(io.cucumber.testng.PickleEventWrapper, io.cucumber.testng.CucumberFeatureWrapper)[pri:0, instance:runner.TestRunner@71318ec4]" name="runScenario" class="io.cucumber.testng.AbstractTestNGCucumberTests"/>
      </group> <!-- cucumber -->
    </groups>
    <test name="Lesnstore Automation" duration-ms="39340" started-at="2020-02-20T06:22:18Z" finished-at="2020-02-20T06:22:58Z">
      <class name="runner.TestRunner">
        <test-method status="PASS" signature="setUpClass()[pri:0, instance:runner.TestRunner@71318ec4]" name="setUpClass" is-config="true" duration-ms="119" started-at="2020-02-20T06:22:19Z" finished-at="2020-02-20T06:22:19Z">
          <reporter-output>
          </reporter-output>
        </test-method> <!-- setUpClass -->
        <test-method status="PASS" signature="runScenario(io.cucumber.testng.PickleEventWrapper, io.cucumber.testng.CucumberFeatureWrapper)[pri:0, instance:runner.TestRunner@71318ec4]" name="runScenario" duration-ms="17400" started-at="2020-02-20T06:22:19Z" description="Runs Cucumber Scenarios" data-provider="scenarios" finished-at="2020-02-20T06:22:36Z">
          <params>
            <param index="0">
              <value>
                <![CDATA["user must be able to checkout"]]>
              </value>
            </param>
            <param index="1">
              <value>
                <![CDATA["Lens checkout"]]>
              </value>
            </param>
          </params>
          <reporter-output>
          </reporter-output>
        </test-method> <!-- runScenario -->
        <test-method status="PASS" signature="runScenario(io.cucumber.testng.PickleEventWrapper, io.cucumber.testng.CucumberFeatureWrapper)[pri:0, instance:runner.TestRunner@71318ec4]" name="runScenario" duration-ms="21431" started-at="2020-02-20T06:22:36Z" description="Runs Cucumber Scenarios" data-provider="scenarios" finished-at="2020-02-20T06:22:58Z">
          <params>
            <param index="0">
              <value>
                <![CDATA["Product details Page must be displayed"]]>
              </value>
            </param>
            <param index="1">
              <value>
                <![CDATA["Validated Product detail page"]]>
              </value>
            </param>
          </params>
          <reporter-output>
          </reporter-output>
        </test-method> <!-- runScenario -->
        <test-method status="PASS" signature="tearDownClass()[pri:0, instance:runner.TestRunner@71318ec4]" name="tearDownClass" is-config="true" duration-ms="110" started-at="2020-02-20T06:22:58Z" finished-at="2020-02-20T06:22:58Z">
          <reporter-output>
          </reporter-output>
        </test-method> <!-- tearDownClass -->
      </class> <!-- runner.TestRunner -->
    </test> <!-- Lesnstore Automation -->
  </suite> <!-- Suite -->
</testng-results>
